<?xml version="1.0" encoding="UTF-8"?>
<!-- Generated by org.testng.reporters.JUnitXMLReporter -->
<testsuite ignored="0" hostname="Neenus-Air.alphionsee.in" failures="0" tests="6" name="Test" time="123.192" errors="0" timestamp="2023-11-27T16:06:53 IST">
  <testcase classname="EMS_AdminApp.AdminLogin" name="testcase1" time="5.111"/>
  <testcase classname="EMS_AdminApp.AdminLogin" name="testcase2" time="4.793"/>
  <testcase classname="EMS_AdminApp.AdminLogin" name="testcase3" time="5.599"/>
  <testcase classname="EMS_AdminApp.AdminLogin" name="testcase4" time="4.396"/>
  <testcase classname="EMS_AdminApp.AdminLogin" name="testcase5" time="2.089"/>
  <testcase classname="EMS_AdminApp.LogoutAdmin" name="logOut" time="21.465"/>
</testsuite> <!-- Test -->
