<?xml version="1.0" encoding="UTF-8"?>
<testng-results ignored="0" total="21" passed="21" failed="0" skipped="0">
  <reporter-output>
  </reporter-output>
  <suite started-at="2023-11-27T16:47:59 IST" name="Default suite" finished-at="2023-11-27T16:59:47 IST" duration-ms="707465">
    <groups>
    </groups>
    <test started-at="2023-11-27T16:47:59 IST" name="Default test" finished-at="2023-11-27T16:59:47 IST" duration-ms="707465">
      <class name="EMS_AdminApp.AdminLogin">
        <test-method is-config="true" signature="setup()[pri:0, instance:EMS_AdminApp.AdminLogin@49049a04]" started-at="2023-11-27T16:47:59 IST" name="setup" finished-at="2023-11-27T16:48:13 IST" duration-ms="13403" status="PASS">
          <reporter-output>
          </reporter-output>
        </test-method> <!-- setup -->
        <test-method signature="testcase1()[pri:1, instance:EMS_AdminApp.AdminLogin@49049a04]" started-at="2023-11-27T16:48:13 IST" name="testcase1" finished-at="2023-11-27T16:48:18 IST" duration-ms="5000" status="PASS">
          <reporter-output>
          </reporter-output>
        </test-method> <!-- testcase1 -->
        <test-method is-config="true" signature="setup()[pri:0, instance:EMS_AdminApp.AdminLogin@49049a04]" started-at="2023-11-27T16:48:18 IST" name="setup" finished-at="2023-11-27T16:48:29 IST" duration-ms="11149" status="PASS">
          <reporter-output>
          </reporter-output>
        </test-method> <!-- setup -->
        <test-method signature="testcase2()[pri:2, instance:EMS_AdminApp.AdminLogin@49049a04]" started-at="2023-11-27T16:48:29 IST" name="testcase2" finished-at="2023-11-27T16:48:33 IST" duration-ms="3936" status="PASS">
          <reporter-output>
          </reporter-output>
        </test-method> <!-- testcase2 -->
        <test-method is-config="true" signature="setup()[pri:0, instance:EMS_AdminApp.AdminLogin@49049a04]" started-at="2023-11-27T16:48:33 IST" name="setup" finished-at="2023-11-27T16:48:43 IST" duration-ms="10561" status="PASS">
          <reporter-output>
          </reporter-output>
        </test-method> <!-- setup -->
        <test-method signature="testcase3()[pri:3, instance:EMS_AdminApp.AdminLogin@49049a04]" started-at="2023-11-27T16:48:43 IST" name="testcase3" finished-at="2023-11-27T16:48:47 IST" duration-ms="4127" status="PASS">
          <reporter-output>
          </reporter-output>
        </test-method> <!-- testcase3 -->
        <test-method is-config="true" signature="setup()[pri:0, instance:EMS_AdminApp.AdminLogin@49049a04]" started-at="2023-11-27T16:48:47 IST" name="setup" finished-at="2023-11-27T16:48:57 IST" duration-ms="10140" status="PASS">
          <reporter-output>
          </reporter-output>
        </test-method> <!-- setup -->
        <test-method signature="testcase4()[pri:4, instance:EMS_AdminApp.AdminLogin@49049a04]" started-at="2023-11-27T16:48:57 IST" name="testcase4" finished-at="2023-11-27T16:49:01 IST" duration-ms="3885" status="PASS">
          <reporter-output>
          </reporter-output>
        </test-method> <!-- testcase4 -->
        <test-method is-config="true" signature="setup()[pri:0, instance:EMS_AdminApp.AdminLogin@49049a04]" started-at="2023-11-27T16:49:01 IST" name="setup" finished-at="2023-11-27T16:49:11 IST" duration-ms="10129" status="PASS">
          <reporter-output>
          </reporter-output>
        </test-method> <!-- setup -->
        <test-method signature="testcase5()[pri:5, instance:EMS_AdminApp.AdminLogin@49049a04]" started-at="2023-11-27T16:49:11 IST" name="testcase5" finished-at="2023-11-27T16:49:13 IST" duration-ms="1995" status="PASS">
          <reporter-output>
          </reporter-output>
        </test-method> <!-- testcase5 -->
      </class> <!-- EMS_AdminApp.AdminLogin -->
      <class name="EMS_UserApp.UserTopSeller">
        <test-method is-config="true" signature="setup()[pri:0, instance:EMS_UserApp.UserTopSeller@7b36aa0c]" started-at="2023-11-27T16:51:22 IST" name="setup" finished-at="2023-11-27T16:51:42 IST" duration-ms="20509" status="PASS">
          <reporter-output>
          </reporter-output>
        </test-method> <!-- setup -->
        <test-method signature="verifySortingCategoryInTopSeller()[pri:0, instance:EMS_UserApp.UserTopSeller@7b36aa0c]" started-at="2023-11-27T16:51:42 IST" name="verifySortingCategoryInTopSeller" finished-at="2023-11-27T16:52:17 IST" duration-ms="34801" status="PASS">
          <reporter-output>
          </reporter-output>
        </test-method> <!-- verifySortingCategoryInTopSeller -->
        <test-method is-config="true" signature="teardown()[pri:0, instance:EMS_UserApp.UserTopSeller@7b36aa0c]" started-at="2023-11-27T16:52:17 IST" name="teardown" finished-at="2023-11-27T16:52:17 IST" duration-ms="166" status="PASS">
          <reporter-output>
          </reporter-output>
        </test-method> <!-- teardown -->
      </class> <!-- EMS_UserApp.UserTopSeller -->
      <class name="EMS_AdminApp.UseraccountPageAdmin">
        <test-method is-config="true" signature="setup()[pri:0, instance:EMS_AdminApp.UseraccountPageAdmin@25641d39]" started-at="2023-11-27T16:49:13 IST" name="setup" finished-at="2023-11-27T16:49:46 IST" duration-ms="32557" status="PASS">
          <reporter-output>
          </reporter-output>
        </test-method> <!-- setup -->
        <test-method signature="userAccount()[pri:1, instance:EMS_AdminApp.UseraccountPageAdmin@25641d39]" started-at="2023-11-27T16:49:46 IST" name="userAccount" finished-at="2023-11-27T16:49:59 IST" duration-ms="13185" status="PASS">
          <reporter-output>
          </reporter-output>
        </test-method> <!-- userAccount -->
        <test-method is-config="true" signature="setup()[pri:0, instance:EMS_AdminApp.UseraccountPageAdmin@25641d39]" started-at="2023-11-27T16:49:59 IST" name="setup" finished-at="2023-11-27T16:50:33 IST" duration-ms="33615" status="PASS">
          <reporter-output>
          </reporter-output>
        </test-method> <!-- setup -->
        <test-method signature="activationShowUser()[pri:2, instance:EMS_AdminApp.UseraccountPageAdmin@25641d39]" started-at="2023-11-27T16:50:33 IST" name="activationShowUser" finished-at="2023-11-27T16:50:47 IST" duration-ms="13737" status="PASS">
          <reporter-output>
          </reporter-output>
        </test-method> <!-- activationShowUser -->
        <test-method is-config="true" signature="setup()[pri:0, instance:EMS_AdminApp.UseraccountPageAdmin@25641d39]" started-at="2023-11-27T16:50:47 IST" name="setup" finished-at="2023-11-27T16:51:19 IST" duration-ms="32391" status="PASS">
          <reporter-output>
          </reporter-output>
        </test-method> <!-- setup -->
        <test-method signature="Usersearch()[pri:3, instance:EMS_AdminApp.UseraccountPageAdmin@25641d39]" started-at="2023-11-27T16:51:19 IST" name="Usersearch" finished-at="2023-11-27T16:51:22 IST" duration-ms="2551" status="PASS">
          <reporter-output>
          </reporter-output>
        </test-method> <!-- Usersearch -->
      </class> <!-- EMS_AdminApp.UseraccountPageAdmin -->
      <class name="EMS_AdminApp.RedirectionAdmin">
        <test-method is-config="true" signature="setup()[pri:0, instance:EMS_AdminApp.RedirectionAdmin@537f60bf]" started-at="2023-11-27T16:52:48 IST" name="setup" finished-at="2023-11-27T16:53:01 IST" duration-ms="13389" status="PASS">
          <reporter-output>
          </reporter-output>
        </test-method> <!-- setup -->
        <test-method signature="redirectionsadmin()[pri:1, instance:EMS_AdminApp.RedirectionAdmin@537f60bf]" started-at="2023-11-27T16:53:01 IST" name="redirectionsadmin" finished-at="2023-11-27T16:53:25 IST" duration-ms="23877" status="PASS">
          <reporter-output>
          </reporter-output>
        </test-method> <!-- redirectionsadmin -->
        <test-method is-config="true" signature="setup()[pri:0, instance:EMS_AdminApp.RedirectionAdmin@537f60bf]" started-at="2023-11-27T16:53:25 IST" name="setup" finished-at="2023-11-27T16:53:38 IST" duration-ms="13109" status="PASS">
          <reporter-output>
          </reporter-output>
        </test-method> <!-- setup -->
        <test-method signature="profileiconredirections()[pri:2, instance:EMS_AdminApp.RedirectionAdmin@537f60bf]" started-at="2023-11-27T16:53:38 IST" name="profileiconredirections" finished-at="2023-11-27T16:53:55 IST" duration-ms="16526" status="PASS">
          <reporter-output>
          </reporter-output>
        </test-method> <!-- profileiconredirections -->
        <test-method is-config="true" signature="setup()[pri:0, instance:EMS_AdminApp.RedirectionAdmin@537f60bf]" started-at="2023-11-27T16:53:55 IST" name="setup" finished-at="2023-11-27T16:54:08 IST" duration-ms="12966" status="PASS">
          <reporter-output>
          </reporter-output>
        </test-method> <!-- setup -->
        <test-method signature="profileIconsettingsredirections()[pri:3, instance:EMS_AdminApp.RedirectionAdmin@537f60bf]" started-at="2023-11-27T16:54:08 IST" name="profileIconsettingsredirections" finished-at="2023-11-27T16:54:25 IST" duration-ms="16809" status="PASS">
          <reporter-output>
          </reporter-output>
        </test-method> <!-- profileIconsettingsredirections -->
      </class> <!-- EMS_AdminApp.RedirectionAdmin -->
      <class name="EMS_AdminApp.LogoutAdmin">
        <test-method is-config="true" signature="setup()[pri:0, instance:EMS_AdminApp.LogoutAdmin@5824a83d]" started-at="2023-11-27T16:52:17 IST" name="setup" finished-at="2023-11-27T16:52:27 IST" duration-ms="10458" status="PASS">
          <reporter-output>
          </reporter-output>
        </test-method> <!-- setup -->
        <test-method signature="logOut()[pri:0, instance:EMS_AdminApp.LogoutAdmin@5824a83d]" started-at="2023-11-27T16:52:27 IST" name="logOut" finished-at="2023-11-27T16:52:48 IST" duration-ms="20601" status="PASS">
          <reporter-output>
          </reporter-output>
        </test-method> <!-- logOut -->
      </class> <!-- EMS_AdminApp.LogoutAdmin -->
      <class name="EMS_UserApp.SimpleScraping">
        <test-method is-config="true" signature="setup()[pri:0, instance:EMS_UserApp.SimpleScraping@18df8434]" started-at="2023-11-27T16:56:03 IST" name="setup" finished-at="2023-11-27T16:56:40 IST" duration-ms="37192" status="PASS">
          <reporter-output>
          </reporter-output>
        </test-method> <!-- setup -->
        <test-method signature="switchlocators()[pri:0, instance:EMS_UserApp.SimpleScraping@18df8434]" started-at="2023-11-27T16:56:40 IST" name="switchlocators" finished-at="2023-11-27T16:58:12 IST" duration-ms="92565" status="PASS">
          <reporter-output>
          </reporter-output>
        </test-method> <!-- switchlocators -->
      </class> <!-- EMS_UserApp.SimpleScraping -->
      <class name="EMS_UserApp.UserLogin">
        <test-method is-config="true" signature="setup()[pri:0, instance:EMS_UserApp.UserLogin@5677323c]" started-at="2023-11-27T16:54:25 IST" name="setup" finished-at="2023-11-27T16:54:41 IST" duration-ms="15808" status="PASS">
          <reporter-output>
          </reporter-output>
        </test-method> <!-- setup -->
        <test-method signature="verifyLoginWithValidInputs()[pri:1, instance:EMS_UserApp.UserLogin@5677323c]" started-at="2023-11-27T16:54:41 IST" name="verifyLoginWithValidInputs" finished-at="2023-11-27T16:54:44 IST" duration-ms="3905" status="PASS">
          <reporter-output>
          </reporter-output>
        </test-method> <!-- verifyLoginWithValidInputs -->
        <test-method is-config="true" signature="teardown()[pri:0, instance:EMS_UserApp.UserLogin@5677323c]" started-at="2023-11-27T16:54:44 IST" name="teardown" finished-at="2023-11-27T16:54:45 IST" duration-ms="97" status="PASS">
          <reporter-output>
          </reporter-output>
        </test-method> <!-- teardown -->
        <test-method is-config="true" signature="setup()[pri:0, instance:EMS_UserApp.UserLogin@5677323c]" started-at="2023-11-27T16:54:45 IST" name="setup" finished-at="2023-11-27T16:55:01 IST" duration-ms="16086" status="PASS">
          <reporter-output>
          </reporter-output>
        </test-method> <!-- setup -->
        <test-method signature="verifyLoginwithvalidUsernameInvalidPassword()[pri:2, instance:EMS_UserApp.UserLogin@5677323c]" started-at="2023-11-27T16:55:01 IST" name="verifyLoginwithvalidUsernameInvalidPassword" finished-at="2023-11-27T16:55:05 IST" duration-ms="3905" status="PASS">
          <reporter-output>
          </reporter-output>
        </test-method> <!-- verifyLoginwithvalidUsernameInvalidPassword -->
        <test-method is-config="true" signature="teardown()[pri:0, instance:EMS_UserApp.UserLogin@5677323c]" started-at="2023-11-27T16:55:05 IST" name="teardown" finished-at="2023-11-27T16:55:05 IST" duration-ms="97" status="PASS">
          <reporter-output>
          </reporter-output>
        </test-method> <!-- teardown -->
        <test-method is-config="true" signature="setup()[pri:0, instance:EMS_UserApp.UserLogin@5677323c]" started-at="2023-11-27T16:55:05 IST" name="setup" finished-at="2023-11-27T16:55:21 IST" duration-ms="15831" status="PASS">
          <reporter-output>
          </reporter-output>
        </test-method> <!-- setup -->
        <test-method signature="verifyLoginwithInvalidUsernameValidPassword()[pri:3, instance:EMS_UserApp.UserLogin@5677323c]" started-at="2023-11-27T16:55:21 IST" name="verifyLoginwithInvalidUsernameValidPassword" finished-at="2023-11-27T16:55:25 IST" duration-ms="4053" status="PASS">
          <reporter-output>
          </reporter-output>
        </test-method> <!-- verifyLoginwithInvalidUsernameValidPassword -->
        <test-method is-config="true" signature="teardown()[pri:0, instance:EMS_UserApp.UserLogin@5677323c]" started-at="2023-11-27T16:55:25 IST" name="teardown" finished-at="2023-11-27T16:55:25 IST" duration-ms="90" status="PASS">
          <reporter-output>
          </reporter-output>
        </test-method> <!-- teardown -->
        <test-method is-config="true" signature="setup()[pri:0, instance:EMS_UserApp.UserLogin@5677323c]" started-at="2023-11-27T16:55:25 IST" name="setup" finished-at="2023-11-27T16:55:40 IST" duration-ms="15410" status="PASS">
          <reporter-output>
          </reporter-output>
        </test-method> <!-- setup -->
        <test-method signature="verifyLoginwithInvalidUsernameInvalidPassword()[pri:4, instance:EMS_UserApp.UserLogin@5677323c]" started-at="2023-11-27T16:55:40 IST" name="verifyLoginwithInvalidUsernameInvalidPassword" finished-at="2023-11-27T16:55:44 IST" duration-ms="4054" status="PASS">
          <reporter-output>
          </reporter-output>
        </test-method> <!-- verifyLoginwithInvalidUsernameInvalidPassword -->
        <test-method is-config="true" signature="teardown()[pri:0, instance:EMS_UserApp.UserLogin@5677323c]" started-at="2023-11-27T16:55:44 IST" name="teardown" finished-at="2023-11-27T16:55:44 IST" duration-ms="98" status="PASS">
          <reporter-output>
          </reporter-output>
        </test-method> <!-- teardown -->
        <test-method is-config="true" signature="setup()[pri:0, instance:EMS_UserApp.UserLogin@5677323c]" started-at="2023-11-27T16:55:44 IST" name="setup" finished-at="2023-11-27T16:56:00 IST" duration-ms="16078" status="PASS">
          <reporter-output>
          </reporter-output>
        </test-method> <!-- setup -->
        <test-method signature="verifyLoginwithNoInputs()[pri:5, instance:EMS_UserApp.UserLogin@5677323c]" started-at="2023-11-27T16:56:00 IST" name="verifyLoginwithNoInputs" finished-at="2023-11-27T16:56:02 IST" duration-ms="2142" status="PASS">
          <reporter-output>
          </reporter-output>
        </test-method> <!-- verifyLoginwithNoInputs -->
        <test-method is-config="true" signature="teardown()[pri:0, instance:EMS_UserApp.UserLogin@5677323c]" started-at="2023-11-27T16:56:02 IST" name="teardown" finished-at="2023-11-27T16:56:03 IST" duration-ms="98" status="PASS">
          <reporter-output>
          </reporter-output>
        </test-method> <!-- teardown -->
      </class> <!-- EMS_UserApp.UserLogin -->
      <class name="EMS_UserApp.UserRedirection">
        <test-method is-config="true" signature="setup()[pri:0, instance:EMS_UserApp.UserRedirection@4d154ccd]" started-at="2023-11-27T16:58:52 IST" name="setup" finished-at="2023-11-27T16:59:12 IST" duration-ms="20169" status="PASS">
          <reporter-output>
          </reporter-output>
        </test-method> <!-- setup -->
        <test-method signature="testcasesforRedirection()[pri:0, instance:EMS_UserApp.UserRedirection@4d154ccd]" started-at="2023-11-27T16:59:12 IST" name="testcasesforRedirection" finished-at="2023-11-27T16:59:46 IST" duration-ms="34694" status="PASS">
          <reporter-output>
          </reporter-output>
        </test-method> <!-- testcasesforRedirection -->
        <test-method is-config="true" signature="teardown()[pri:0, instance:EMS_UserApp.UserRedirection@4d154ccd]" started-at="2023-11-27T16:59:46 IST" name="teardown" finished-at="2023-11-27T16:59:47 IST" duration-ms="127" status="PASS">
          <reporter-output>
          </reporter-output>
        </test-method> <!-- teardown -->
      </class> <!-- EMS_UserApp.UserRedirection -->
      <class name="EMS_UserApp.UserLogout">
        <test-method is-config="true" signature="setup()[pri:0, instance:EMS_UserApp.UserLogout@65c7a252]" started-at="2023-11-27T16:58:12 IST" name="setup" finished-at="2023-11-27T16:58:29 IST" duration-ms="17113" status="PASS">
          <reporter-output>
          </reporter-output>
        </test-method> <!-- setup -->
        <test-method signature="verifyLoginandthenLogout()[pri:1, instance:EMS_UserApp.UserLogout@65c7a252]" started-at="2023-11-27T16:58:29 IST" name="verifyLoginandthenLogout" finished-at="2023-11-27T16:58:51 IST" duration-ms="21991" status="PASS">
          <reporter-output>
          </reporter-output>
        </test-method> <!-- verifyLoginandthenLogout -->
        <test-method is-config="true" signature="teardown()[pri:0, instance:EMS_UserApp.UserLogout@65c7a252]" started-at="2023-11-27T16:58:51 IST" name="teardown" finished-at="2023-11-27T16:58:52 IST" duration-ms="112" status="PASS">
          <reporter-output>
          </reporter-output>
        </test-method> <!-- teardown -->
      </class> <!-- EMS_UserApp.UserLogout -->
    </test> <!-- Default test -->
  </suite> <!-- Default suite -->
</testng-results>
