<?xml version="1.0" encoding="UTF-8"?>
<testng-results ignored="0" total="5" passed="5" failed="0" skipped="0">
  <reporter-output>
  </reporter-output>
  <suite started-at="2023-11-21T10:47:25 IST" name="Default suite" finished-at="2023-11-21T10:49:05 IST" duration-ms="99961">
    <groups>
    </groups>
    <test started-at="2023-11-21T10:47:25 IST" name="Default test" finished-at="2023-11-21T10:49:05 IST" duration-ms="99961">
      <class name="EMS_UserApp.UserLogin">
        <test-method is-config="true" signature="setup()[pri:0, instance:EMS_UserApp.UserLogin@5f049ea1]" started-at="2023-11-21T10:47:25 IST" name="setup" finished-at="2023-11-21T10:47:43 IST" duration-ms="17755" status="PASS">
          <reporter-output>
          </reporter-output>
        </test-method> <!-- setup -->
        <test-method signature="verifyLoginWithValidInputs()[pri:1, instance:EMS_UserApp.UserLogin@5f049ea1]" started-at="2023-11-21T10:47:43 IST" name="verifyLoginWithValidInputs" finished-at="2023-11-21T10:47:47 IST" duration-ms="3839" status="PASS">
          <reporter-output>
          </reporter-output>
        </test-method> <!-- verifyLoginWithValidInputs -->
        <test-method is-config="true" signature="teardown()[pri:0, instance:EMS_UserApp.UserLogin@5f049ea1]" started-at="2023-11-21T10:47:47 IST" name="teardown" finished-at="2023-11-21T10:47:47 IST" duration-ms="118" status="PASS">
          <reporter-output>
          </reporter-output>
        </test-method> <!-- teardown -->
        <test-method is-config="true" signature="setup()[pri:0, instance:EMS_UserApp.UserLogin@5f049ea1]" started-at="2023-11-21T10:47:47 IST" name="setup" finished-at="2023-11-21T10:48:03 IST" duration-ms="16114" status="PASS">
          <reporter-output>
          </reporter-output>
        </test-method> <!-- setup -->
        <test-method signature="verifyLoginwithvalidUsernameInvalidPassword()[pri:2, instance:EMS_UserApp.UserLogin@5f049ea1]" started-at="2023-11-21T10:48:03 IST" name="verifyLoginwithvalidUsernameInvalidPassword" finished-at="2023-11-21T10:48:07 IST" duration-ms="3987" status="PASS">
          <reporter-output>
          </reporter-output>
        </test-method> <!-- verifyLoginwithvalidUsernameInvalidPassword -->
        <test-method is-config="true" signature="teardown()[pri:0, instance:EMS_UserApp.UserLogin@5f049ea1]" started-at="2023-11-21T10:48:07 IST" name="teardown" finished-at="2023-11-21T10:48:07 IST" duration-ms="112" status="PASS">
          <reporter-output>
          </reporter-output>
        </test-method> <!-- teardown -->
        <test-method is-config="true" signature="setup()[pri:0, instance:EMS_UserApp.UserLogin@5f049ea1]" started-at="2023-11-21T10:48:07 IST" name="setup" finished-at="2023-11-21T10:48:22 IST" duration-ms="15282" status="PASS">
          <reporter-output>
          </reporter-output>
        </test-method> <!-- setup -->
        <test-method signature="verifyLoginwithInvalidUsernameValidPassword()[pri:3, instance:EMS_UserApp.UserLogin@5f049ea1]" started-at="2023-11-21T10:48:22 IST" name="verifyLoginwithInvalidUsernameValidPassword" finished-at="2023-11-21T10:48:26 IST" duration-ms="3966" status="PASS">
          <reporter-output>
          </reporter-output>
        </test-method> <!-- verifyLoginwithInvalidUsernameValidPassword -->
        <test-method is-config="true" signature="teardown()[pri:0, instance:EMS_UserApp.UserLogin@5f049ea1]" started-at="2023-11-21T10:48:26 IST" name="teardown" finished-at="2023-11-21T10:48:27 IST" duration-ms="120" status="PASS">
          <reporter-output>
          </reporter-output>
        </test-method> <!-- teardown -->
        <test-method is-config="true" signature="setup()[pri:0, instance:EMS_UserApp.UserLogin@5f049ea1]" started-at="2023-11-21T10:48:27 IST" name="setup" finished-at="2023-11-21T10:48:43 IST" duration-ms="16297" status="PASS">
          <reporter-output>
          </reporter-output>
        </test-method> <!-- setup -->
        <test-method signature="verifyLoginwithInvalidUsernameInvalidPassword()[pri:4, instance:EMS_UserApp.UserLogin@5f049ea1]" started-at="2023-11-21T10:48:43 IST" name="verifyLoginwithInvalidUsernameInvalidPassword" finished-at="2023-11-21T10:48:47 IST" duration-ms="4196" status="PASS">
          <reporter-output>
          </reporter-output>
        </test-method> <!-- verifyLoginwithInvalidUsernameInvalidPassword -->
        <test-method is-config="true" signature="teardown()[pri:0, instance:EMS_UserApp.UserLogin@5f049ea1]" started-at="2023-11-21T10:48:47 IST" name="teardown" finished-at="2023-11-21T10:48:47 IST" duration-ms="104" status="PASS">
          <reporter-output>
          </reporter-output>
        </test-method> <!-- teardown -->
        <test-method is-config="true" signature="setup()[pri:0, instance:EMS_UserApp.UserLogin@5f049ea1]" started-at="2023-11-21T10:48:47 IST" name="setup" finished-at="2023-11-21T10:49:03 IST" duration-ms="15525" status="PASS">
          <reporter-output>
          </reporter-output>
        </test-method> <!-- setup -->
        <test-method signature="verifyLoginwithNoInputs()[pri:5, instance:EMS_UserApp.UserLogin@5f049ea1]" started-at="2023-11-21T10:49:03 IST" name="verifyLoginwithNoInputs" finished-at="2023-11-21T10:49:05 IST" duration-ms="2342" status="PASS">
          <reporter-output>
          </reporter-output>
        </test-method> <!-- verifyLoginwithNoInputs -->
        <test-method is-config="true" signature="teardown()[pri:0, instance:EMS_UserApp.UserLogin@5f049ea1]" started-at="2023-11-21T10:49:05 IST" name="teardown" finished-at="2023-11-21T10:49:05 IST" duration-ms="108" status="PASS">
          <reporter-output>
          </reporter-output>
        </test-method> <!-- teardown -->
      </class> <!-- EMS_UserApp.UserLogin -->
    </test> <!-- Default test -->
  </suite> <!-- Default suite -->
</testng-results>
