<?xml version="1.0" encoding="UTF-8"?>
<!-- Generated by org.testng.reporters.JUnitXMLReporter -->
<testsuite ignored="0" hostname="Neenus-Air.alphionsee.in" failures="0" tests="21" name="Default test" time="707.465" errors="0" timestamp="2023-11-27T16:59:47 IST">
  <testcase classname="EMS_AdminApp.AdminLogin" name="testcase1" time="5.0"/>
  <testcase classname="EMS_AdminApp.AdminLogin" name="testcase2" time="3.936"/>
  <testcase classname="EMS_AdminApp.AdminLogin" name="testcase3" time="4.127"/>
  <testcase classname="EMS_AdminApp.AdminLogin" name="testcase4" time="3.885"/>
  <testcase classname="EMS_AdminApp.AdminLogin" name="testcase5" time="1.995"/>
  <testcase classname="EMS_AdminApp.UseraccountPageAdmin" name="userAccount" time="13.185"/>
  <testcase classname="EMS_AdminApp.UseraccountPageAdmin" name="activationShowUser" time="13.737"/>
  <testcase classname="EMS_AdminApp.UseraccountPageAdmin" name="Usersearch" time="2.551"/>
  <testcase classname="EMS_UserApp.UserTopSeller" name="verifySortingCategoryInTopSeller" time="34.801"/>
  <testcase classname="EMS_AdminApp.LogoutAdmin" name="logOut" time="20.601"/>
  <testcase classname="EMS_AdminApp.RedirectionAdmin" name="redirectionsadmin" time="23.877"/>
  <testcase classname="EMS_AdminApp.RedirectionAdmin" name="profileiconredirections" time="16.526"/>
  <testcase classname="EMS_AdminApp.RedirectionAdmin" name="profileIconsettingsredirections" time="16.809"/>
  <testcase classname="EMS_UserApp.UserLogin" name="verifyLoginWithValidInputs" time="3.905"/>
  <testcase classname="EMS_UserApp.UserLogin" name="verifyLoginwithvalidUsernameInvalidPassword" time="3.905"/>
  <testcase classname="EMS_UserApp.UserLogin" name="verifyLoginwithInvalidUsernameValidPassword" time="4.053"/>
  <testcase classname="EMS_UserApp.UserLogin" name="verifyLoginwithInvalidUsernameInvalidPassword" time="4.054"/>
  <testcase classname="EMS_UserApp.UserLogin" name="verifyLoginwithNoInputs" time="2.142"/>
  <testcase classname="EMS_UserApp.SimpleScraping" name="switchlocators" time="92.565"/>
  <testcase classname="EMS_UserApp.UserLogout" name="verifyLoginandthenLogout" time="21.991"/>
  <testcase classname="EMS_UserApp.UserRedirection" name="testcasesforRedirection" time="34.694"/>
</testsuite> <!-- Default test -->
