<?xml version="1.0" encoding="UTF-8"?>
<!-- Generated by org.testng.reporters.JUnitXMLReporter -->
<testsuite ignored="0" hostname="Neenus-Air.alphionsee.in" failures="0" tests="5" name="Default test" time="99.961" errors="0" timestamp="2023-11-21T10:49:05 IST">
  <testcase classname="EMS_UserApp.UserLogin" name="verifyLoginWithValidInputs" time="3.839"/>
  <testcase classname="EMS_UserApp.UserLogin" name="verifyLoginwithvalidUsernameInvalidPassword" time="3.987"/>
  <testcase classname="EMS_UserApp.UserLogin" name="verifyLoginwithInvalidUsernameValidPassword" time="3.966"/>
  <testcase classname="EMS_UserApp.UserLogin" name="verifyLoginwithInvalidUsernameInvalidPassword" time="4.196"/>
  <testcase classname="EMS_UserApp.UserLogin" name="verifyLoginwithNoInputs" time="2.342"/>
</testsuite> <!-- Default test -->
